
EXEC_DATE           DB_NAME                                                                                                                  DB_SCHEMA                                                                                                                OS_USER
------------------- ------------------------------------------------------------------------------------------------------------------------ ------------------------------------------------------------------------------------------------------------------------ ------------------------------------------------------------------------------------------------------------------------------------------------------------------------------------------------------------------------------------------------
28.05.2024 19:44:07 FREEPDB1                                                                                                                 USIM                                                                                                                     oracle

1 row selected.


INFO
----------------------
Check USIM user/schema

1 row selected.


SCRIPTFILE
-------------------------------------------------------------------------
../UTIL/CHECK_SUCCESSFUL.sql "Acting on schema USIM."

1 row selected.


INFO
----------------------------------------
Check successful. Acting on schema USIM.

1 row selected.


USIM_SCHEMA
----------------------------------------------------------------------------------------------------------------------------------------------------------------------------------------------------------------------------------------------------------------
USIM

1 row selected.


INFO
----------------------------------
Remove all USIM objects if needed.

1 row selected.


SCRIPTFILE
--------------------------------------------------------------------
../UTIL/NOTHING_TO_DO.sql "Package body USIM_STATIC does not exist."

1 row selected.


INFO
-------------------------------------------------------
Nothing to do. Package body USIM_STATIC does not exist.

1 row selected.


SCRIPTFILE
----------------------------------------------------------------------
../UTIL/NOTHING_TO_DO.sql "Package header USIM_STATIC does not exist."

1 row selected.


INFO
---------------------------------------------------------
Nothing to do. Package header USIM_STATIC does not exist.

1 row selected.


SCRIPTFILE
-------------------------------------------------------------------
../UTIL/NOTHING_TO_DO.sql "Package body USIM_MATHS does not exist."

1 row selected.


INFO
------------------------------------------------------
Nothing to do. Package body USIM_MATHS does not exist.

1 row selected.


SCRIPTFILE
---------------------------------------------------------------------
../UTIL/NOTHING_TO_DO.sql "Package header USIM_MATHS does not exist."

1 row selected.


INFO
--------------------------------------------------------
Nothing to do. Package header USIM_MATHS does not exist.

1 row selected.


SCRIPTFILE
--------------------------------------------------------------------
../UTIL/NOTHING_TO_DO.sql "Sequence USIM_DLG_ID_SEQ does not exist."

1 row selected.


INFO
-------------------------------------------------------
Nothing to do. Sequence USIM_DLG_ID_SEQ does not exist.

1 row selected.


SCRIPTFILE
----------------------------------------------------------------------
../UTIL/NOTHING_TO_DO.sql "Sequence USIM_ERL_TICK_SEQ does not exist."

1 row selected.


INFO
---------------------------------------------------------
Nothing to do. Sequence USIM_ERL_TICK_SEQ does not exist.

1 row selected.


SCRIPTFILE
--------------------------------------------------------------------
../UTIL/NOTHING_TO_DO.sql "Sequence USIM_MLV_ID_SEQ does not exist."

1 row selected.


INFO
-------------------------------------------------------
Nothing to do. Sequence USIM_MLV_ID_SEQ does not exist.

1 row selected.


SCRIPTFILE
-------------------------------------------------------------------------
../UTIL/NOTHING_TO_DO.sql "Sequence USIM_PLANCK_TIME_SEQ does not exist."

1 row selected.


INFO
------------------------------------------------------------
Nothing to do. Sequence USIM_PLANCK_TIME_SEQ does not exist.

1 row selected.


SCRIPTFILE
-------------------------------------------------------------------------
../UTIL/NOTHING_TO_DO.sql "Sequence USIM_PLANCK_AEON_SEQ does not exist."

1 row selected.


INFO
------------------------------------------------------------
Nothing to do. Sequence USIM_PLANCK_AEON_SEQ does not exist.

1 row selected.


SCRIPTFILE
--------------------------------------------------------------------
../UTIL/NOTHING_TO_DO.sql "Sequence USIM_DIM_ID_SEQ does not exist."

1 row selected.


INFO
-------------------------------------------------------
Nothing to do. Sequence USIM_DIM_ID_SEQ does not exist.

1 row selected.


SCRIPTFILE
--------------------------------------------------------------------
../UTIL/NOTHING_TO_DO.sql "Sequence USIM_TSU_ID_SEQ does not exist."

1 row selected.


INFO
-------------------------------------------------------
Nothing to do. Sequence USIM_TSU_ID_SEQ does not exist.

1 row selected.


SCRIPTFILE
--------------------------------------------------------------------
../UTIL/NOTHING_TO_DO.sql "Sequence USIM_POS_ID_SEQ does not exist."

1 row selected.


INFO
-------------------------------------------------------
Nothing to do. Sequence USIM_POS_ID_SEQ does not exist.

1 row selected.


SCRIPTFILE
--------------------------------------------------------------------
../UTIL/NOTHING_TO_DO.sql "Sequence USIM_NOD_ID_SEQ does not exist."

1 row selected.


INFO
-------------------------------------------------------
Nothing to do. Sequence USIM_NOD_ID_SEQ does not exist.

1 row selected.


SCRIPTFILE
--------------------------------------------------------------------
../UTIL/NOTHING_TO_DO.sql "Sequence USIM_RMD_ID_SEQ does not exist."

1 row selected.


INFO
-------------------------------------------------------
Nothing to do. Sequence USIM_RMD_ID_SEQ does not exist.

1 row selected.


SCRIPTFILE
--------------------------------------------------------------------
../UTIL/NOTHING_TO_DO.sql "Sequence USIM_SPC_ID_SEQ does not exist."

1 row selected.


INFO
-------------------------------------------------------
Nothing to do. Sequence USIM_SPC_ID_SEQ does not exist.

1 row selected.


SCRIPTFILE
--------------------------------------------------------------------
../UTIL/NOTHING_TO_DO.sql "Sequence USIM_SPR_ID_SEQ does not exist."

1 row selected.


INFO
-------------------------------------------------------
Nothing to do. Sequence USIM_SPR_ID_SEQ does not exist.

1 row selected.


SCRIPTFILE
-----------------------------------------------------------------------
../UTIL/NOTHING_TO_DO.sql "Foreign key USIM_RMD_MLV_FK does not exist."

1 row selected.


INFO
----------------------------------------------------------
Nothing to do. Foreign key USIM_RMD_MLV_FK does not exist.

1 row selected.


SCRIPTFILE
-----------------------------------------------------------------------
../UTIL/NOTHING_TO_DO.sql "Foreign key USIM_RMD_DIM_FK does not exist."

1 row selected.


INFO
----------------------------------------------------------
Nothing to do. Foreign key USIM_RMD_DIM_FK does not exist.

1 row selected.


SCRIPTFILE
---------------------------------------------------------------------------
../UTIL/NOTHING_TO_DO.sql "Foreign key USIM_RCHI_PARENT_FK does not exist."

1 row selected.


INFO
--------------------------------------------------------------
Nothing to do. Foreign key USIM_RCHI_PARENT_FK does not exist.

1 row selected.


SCRIPTFILE
--------------------------------------------------------------------------
../UTIL/NOTHING_TO_DO.sql "Foreign key USIM_RCHI_CHILD_FK does not exist."

1 row selected.


INFO
-------------------------------------------------------------
Nothing to do. Foreign key USIM_RCHI_CHILD_FK does not exist.

1 row selected.


SCRIPTFILE
-----------------------------------------------------------------------
../UTIL/NOTHING_TO_DO.sql "Foreign key USIM_SPC_POS_FK does not exist."

1 row selected.


INFO
----------------------------------------------------------
Nothing to do. Foreign key USIM_SPC_POS_FK does not exist.

1 row selected.


SCRIPTFILE
-----------------------------------------------------------------------
../UTIL/NOTHING_TO_DO.sql "Foreign key USIM_SPC_NOD_FK does not exist."

1 row selected.


INFO
----------------------------------------------------------
Nothing to do. Foreign key USIM_SPC_NOD_FK does not exist.

1 row selected.


SCRIPTFILE
-----------------------------------------------------------------------
../UTIL/NOTHING_TO_DO.sql "Foreign key USIM_SPC_RMD_FK does not exist."

1 row selected.


INFO
----------------------------------------------------------
Nothing to do. Foreign key USIM_SPC_RMD_FK does not exist.

1 row selected.


SCRIPTFILE
--------------------------------------------------------------------------
../UTIL/NOTHING_TO_DO.sql "Foreign key USIM_CHI_PARENT_FK does not exist."

1 row selected.


INFO
-------------------------------------------------------------
Nothing to do. Foreign key USIM_CHI_PARENT_FK does not exist.

1 row selected.


SCRIPTFILE
-------------------------------------------------------------------------
../UTIL/NOTHING_TO_DO.sql "Foreign key USIM_CHI_CHILD_FK does not exist."

1 row selected.


INFO
------------------------------------------------------------
Nothing to do. Foreign key USIM_CHI_CHILD_FK does not exist.

1 row selected.


SCRIPTFILE
-----------------------------------------------------------------------
../UTIL/NOTHING_TO_DO.sql "Foreign key USIM_SPO_SPC_FK does not exist."

1 row selected.


INFO
----------------------------------------------------------
Nothing to do. Foreign key USIM_SPO_SPC_FK does not exist.

1 row selected.


SCRIPTFILE
-----------------------------------------------------------------------
../UTIL/NOTHING_TO_DO.sql "Foreign key USIM_SPO_RMD_FK does not exist."

1 row selected.


INFO
----------------------------------------------------------
Nothing to do. Foreign key USIM_SPO_RMD_FK does not exist.

1 row selected.


SCRIPTFILE
-----------------------------------------------------------------------
../UTIL/NOTHING_TO_DO.sql "Foreign key USIM_SPO_POS_FK does not exist."

1 row selected.


INFO
----------------------------------------------------------
Nothing to do. Foreign key USIM_SPO_POS_FK does not exist.

1 row selected.


SCRIPTFILE
-----------------------------------------------------------------------
../UTIL/NOTHING_TO_DO.sql "Foreign key USIM_SPR_SRC_FK does not exist."

1 row selected.


INFO
----------------------------------------------------------
Nothing to do. Foreign key USIM_SPR_SRC_FK does not exist.

1 row selected.


SCRIPTFILE
-----------------------------------------------------------------------
../UTIL/NOTHING_TO_DO.sql "Foreign key USIM_SPR_TGT_FK does not exist."

1 row selected.


INFO
----------------------------------------------------------
Nothing to do. Foreign key USIM_SPR_TGT_FK does not exist.

1 row selected.


SCRIPTFILE
-----------------------------------------------------------
../UTIL/NOTHING_TO_DO.sql "View USIM_RMD_V does not exist."

1 row selected.


INFO
----------------------------------------------
Nothing to do. View USIM_RMD_V does not exist.

1 row selected.


SCRIPTFILE
---------------------------------------------------------------
../UTIL/NOTHING_TO_DO.sql "View USIM_SPC_CHI_V does not exist."

1 row selected.


INFO
--------------------------------------------------
Nothing to do. View USIM_SPC_CHI_V does not exist.

1 row selected.


SCRIPTFILE
-----------------------------------------------------------
../UTIL/NOTHING_TO_DO.sql "View USIM_SPC_V does not exist."

1 row selected.


INFO
----------------------------------------------
Nothing to do. View USIM_SPC_V does not exist.

1 row selected.


SCRIPTFILE
-----------------------------------------------------------
../UTIL/NOTHING_TO_DO.sql "View USIM_CHI_V does not exist."

1 row selected.


INFO
----------------------------------------------
Nothing to do. View USIM_CHI_V does not exist.

1 row selected.


SCRIPTFILE
-----------------------------------------------------------
../UTIL/NOTHING_TO_DO.sql "View USIM_SPO_V does not exist."

1 row selected.


INFO
----------------------------------------------
Nothing to do. View USIM_SPO_V does not exist.

1 row selected.


SCRIPTFILE
---------------------------------------------------------------
../UTIL/NOTHING_TO_DO.sql "View USIM_SPO_XYZ_V does not exist."

1 row selected.


INFO
--------------------------------------------------
Nothing to do. View USIM_SPO_XYZ_V does not exist.

1 row selected.


SCRIPTFILE
------------------------------------------------------------------
../UTIL/NOTHING_TO_DO.sql "View USIM_SPO_BASE3D_V does not exist."

1 row selected.


INFO
-----------------------------------------------------
Nothing to do. View USIM_SPO_BASE3D_V does not exist.

1 row selected.


SCRIPTFILE
------------------------------------------------------------------
../UTIL/NOTHING_TO_DO.sql "View USIM_SPO_ZERO3D_V does not exist."

1 row selected.


INFO
-----------------------------------------------------
Nothing to do. View USIM_SPO_ZERO3D_V does not exist.

1 row selected.


SCRIPTFILE
-----------------------------------------------------------
../UTIL/NOTHING_TO_DO.sql "View USIM_SPR_V does not exist."

1 row selected.


INFO
----------------------------------------------
Nothing to do. View USIM_SPR_V does not exist.

1 row selected.


SCRIPTFILE
-----------------------------------------------------------------
../UTIL/NOTHING_TO_DO.sql "View USIM_MLV_STATE_V does not exist."

1 row selected.


INFO
----------------------------------------------------
Nothing to do. View USIM_MLV_STATE_V does not exist.

1 row selected.


SCRIPTFILE
----------------------------------------------------------------
../UTIL/NOTHING_TO_DO.sql "Table USIM_DEBUG_LOG does not exist."

1 row selected.


INFO
---------------------------------------------------
Nothing to do. Table USIM_DEBUG_LOG does not exist.

1 row selected.


SCRIPTFILE
-------------------------------------------------------------------
../UTIL/NOTHING_TO_DO.sql "Package body USIM_DEBUG does not exist."

1 row selected.


INFO
------------------------------------------------------
Nothing to do. Package body USIM_DEBUG does not exist.

1 row selected.


SCRIPTFILE
---------------------------------------------------------------------
../UTIL/NOTHING_TO_DO.sql "Package header USIM_DEBUG does not exist."

1 row selected.


INFO
--------------------------------------------------------
Nothing to do. Package header USIM_DEBUG does not exist.

1 row selected.


SCRIPTFILE
-------------------------------------------------------------------
../UTIL/NOTHING_TO_DO.sql "Table USIM_TEST_SUMMARY does not exist."

1 row selected.


INFO
------------------------------------------------------
Nothing to do. Table USIM_TEST_SUMMARY does not exist.

1 row selected.


SCRIPTFILE
------------------------------------------------------------------
../UTIL/NOTHING_TO_DO.sql "Table USIM_TEST_ERRORS does not exist."

1 row selected.


INFO
-----------------------------------------------------
Nothing to do. Table USIM_TEST_ERRORS does not exist.

1 row selected.


SCRIPTFILE
------------------------------------------------------------------
../UTIL/NOTHING_TO_DO.sql "Package body USIM_TEST does not exist."

1 row selected.


INFO
-----------------------------------------------------
Nothing to do. Package body USIM_TEST does not exist.

1 row selected.


SCRIPTFILE
--------------------------------------------------------------------
../UTIL/NOTHING_TO_DO.sql "Package header USIM_TEST does not exist."

1 row selected.


INFO
-------------------------------------------------------
Nothing to do. Package header USIM_TEST does not exist.

1 row selected.


SCRIPTFILE
------------------------------------------------------------------
../UTIL/NOTHING_TO_DO.sql "Package body USIM_APEX does not exist."

1 row selected.


INFO
-----------------------------------------------------
Nothing to do. Package body USIM_APEX does not exist.

1 row selected.


SCRIPTFILE
-------------------------------------------------------------
../UTIL/NOTHING_TO_DO.sql "Package USIM_APEX does not exist."

1 row selected.


INFO
------------------------------------------------
Nothing to do. Package USIM_APEX does not exist.

1 row selected.


SCRIPTFILE
-----------------------------------------------------------------
../UTIL/NOTHING_TO_DO.sql "Package body USIM_ERL does not exist."

1 row selected.


INFO
----------------------------------------------------
Nothing to do. Package body USIM_ERL does not exist.

1 row selected.


SCRIPTFILE
-------------------------------------------------------------------
../UTIL/NOTHING_TO_DO.sql "Package header USIM_ERL does not exist."

1 row selected.


INFO
------------------------------------------------------
Nothing to do. Package header USIM_ERL does not exist.

1 row selected.


SCRIPTFILE
------------------------------------------------------------------
../UTIL/NOTHING_TO_DO.sql "Package body USIM_BASE does not exist."

1 row selected.


INFO
-----------------------------------------------------
Nothing to do. Package body USIM_BASE does not exist.

1 row selected.


SCRIPTFILE
--------------------------------------------------------------------
../UTIL/NOTHING_TO_DO.sql "Package header USIM_BASE does not exist."

1 row selected.


INFO
-------------------------------------------------------
Nothing to do. Package header USIM_BASE does not exist.

1 row selected.


SCRIPTFILE
-----------------------------------------------------------------
../UTIL/NOTHING_TO_DO.sql "Package body USIM_MLV does not exist."

1 row selected.


INFO
----------------------------------------------------
Nothing to do. Package body USIM_MLV does not exist.

1 row selected.


SCRIPTFILE
-------------------------------------------------------------------
../UTIL/NOTHING_TO_DO.sql "Package header USIM_MLV does not exist."

1 row selected.


INFO
------------------------------------------------------
Nothing to do. Package header USIM_MLV does not exist.

1 row selected.


SCRIPTFILE
-----------------------------------------------------------------
../UTIL/NOTHING_TO_DO.sql "Package body USIM_DIM does not exist."

1 row selected.


INFO
----------------------------------------------------
Nothing to do. Package body USIM_DIM does not exist.

1 row selected.


SCRIPTFILE
-------------------------------------------------------------------
../UTIL/NOTHING_TO_DO.sql "Package header USIM_DIM does not exist."

1 row selected.


INFO
------------------------------------------------------
Nothing to do. Package header USIM_DIM does not exist.

1 row selected.


SCRIPTFILE
-----------------------------------------------------------------
../UTIL/NOTHING_TO_DO.sql "Package body USIM_POS does not exist."

1 row selected.


INFO
----------------------------------------------------
Nothing to do. Package body USIM_POS does not exist.

1 row selected.


SCRIPTFILE
-------------------------------------------------------------------
../UTIL/NOTHING_TO_DO.sql "Package header USIM_POS does not exist."

1 row selected.


INFO
------------------------------------------------------
Nothing to do. Package header USIM_POS does not exist.

1 row selected.


SCRIPTFILE
-----------------------------------------------------------------
../UTIL/NOTHING_TO_DO.sql "Package body USIM_NOD does not exist."

1 row selected.


INFO
----------------------------------------------------
Nothing to do. Package body USIM_NOD does not exist.

1 row selected.


SCRIPTFILE
-------------------------------------------------------------------
../UTIL/NOTHING_TO_DO.sql "Package header USIM_NOD does not exist."

1 row selected.


INFO
------------------------------------------------------
Nothing to do. Package header USIM_NOD does not exist.

1 row selected.


SCRIPTFILE
-----------------------------------------------------------------
../UTIL/NOTHING_TO_DO.sql "Package body USIM_RMD does not exist."

1 row selected.


INFO
----------------------------------------------------
Nothing to do. Package body USIM_RMD does not exist.

1 row selected.


SCRIPTFILE
-------------------------------------------------------------------
../UTIL/NOTHING_TO_DO.sql "Package header USIM_RMD does not exist."

1 row selected.


INFO
------------------------------------------------------
Nothing to do. Package header USIM_RMD does not exist.

1 row selected.


SCRIPTFILE
-----------------------------------------------------------------
../UTIL/NOTHING_TO_DO.sql "Package body USIM_SPC does not exist."

1 row selected.


INFO
----------------------------------------------------
Nothing to do. Package body USIM_SPC does not exist.

1 row selected.


SCRIPTFILE
-------------------------------------------------------------------
../UTIL/NOTHING_TO_DO.sql "Package header USIM_SPC does not exist."

1 row selected.


INFO
------------------------------------------------------
Nothing to do. Package header USIM_SPC does not exist.

1 row selected.


SCRIPTFILE
-----------------------------------------------------------------
../UTIL/NOTHING_TO_DO.sql "Package body USIM_CHI does not exist."

1 row selected.


INFO
----------------------------------------------------
Nothing to do. Package body USIM_CHI does not exist.

1 row selected.


SCRIPTFILE
-------------------------------------------------------------------
../UTIL/NOTHING_TO_DO.sql "Package header USIM_CHI does not exist."

1 row selected.


INFO
------------------------------------------------------
Nothing to do. Package header USIM_CHI does not exist.

1 row selected.


SCRIPTFILE
-----------------------------------------------------------------
../UTIL/NOTHING_TO_DO.sql "Package body USIM_SPO does not exist."

1 row selected.


INFO
----------------------------------------------------
Nothing to do. Package body USIM_SPO does not exist.

1 row selected.


SCRIPTFILE
-------------------------------------------------------------------
../UTIL/NOTHING_TO_DO.sql "Package header USIM_SPO does not exist."

1 row selected.


INFO
------------------------------------------------------
Nothing to do. Package header USIM_SPO does not exist.

1 row selected.


SCRIPTFILE
-----------------------------------------------------------------
../UTIL/NOTHING_TO_DO.sql "Package body USIM_SPR does not exist."

1 row selected.


INFO
----------------------------------------------------
Nothing to do. Package body USIM_SPR does not exist.

1 row selected.


SCRIPTFILE
-------------------------------------------------------------------
../UTIL/NOTHING_TO_DO.sql "Package header USIM_SPR does not exist."

1 row selected.


INFO
------------------------------------------------------
Nothing to do. Package header USIM_SPR does not exist.

1 row selected.


SCRIPTFILE
---------------------------------------------------------------------
../UTIL/NOTHING_TO_DO.sql "Package body USIM_CREATOR does not exist."

1 row selected.


INFO
--------------------------------------------------------
Nothing to do. Package body USIM_CREATOR does not exist.

1 row selected.


SCRIPTFILE
-----------------------------------------------------------------------
../UTIL/NOTHING_TO_DO.sql "Package header USIM_CREATOR does not exist."

1 row selected.


INFO
----------------------------------------------------------
Nothing to do. Package header USIM_CREATOR does not exist.

1 row selected.


SCRIPTFILE
---------------------------------------------------------------------
../UTIL/NOTHING_TO_DO.sql "Package body USIM_PROCESS does not exist."

1 row selected.


INFO
--------------------------------------------------------
Nothing to do. Package body USIM_PROCESS does not exist.

1 row selected.


SCRIPTFILE
-----------------------------------------------------------------------
../UTIL/NOTHING_TO_DO.sql "Package header USIM_PROCESS does not exist."

1 row selected.


INFO
----------------------------------------------------------
Nothing to do. Package header USIM_PROCESS does not exist.

1 row selected.


SCRIPTFILE
------------------------------------------------------------------
../UTIL/NOTHING_TO_DO.sql "Package body USIM_DBIF does not exist."

1 row selected.


INFO
-----------------------------------------------------
Nothing to do. Package body USIM_DBIF does not exist.

1 row selected.


SCRIPTFILE
--------------------------------------------------------------------
../UTIL/NOTHING_TO_DO.sql "Package header USIM_DBIF does not exist."

1 row selected.


INFO
-------------------------------------------------------
Nothing to do. Package header USIM_DBIF does not exist.

1 row selected.


SCRIPTFILE
---------------------------------------------------------------
../UTIL/NOTHING_TO_DO.sql "Table USIM_BASEDATA does not exist."

1 row selected.


INFO
--------------------------------------------------
Nothing to do. Table USIM_BASEDATA does not exist.

1 row selected.


SCRIPTFILE
----------------------------------------------------------------
../UTIL/NOTHING_TO_DO.sql "Table USIM_ERROR_LOG does not exist."

1 row selected.


INFO
---------------------------------------------------
Nothing to do. Table USIM_ERROR_LOG does not exist.

1 row selected.


SCRIPTFILE
-----------------------------------------------------------------
../UTIL/NOTHING_TO_DO.sql "Table USIM_MULTIVERSE does not exist."

1 row selected.


INFO
----------------------------------------------------
Nothing to do. Table USIM_MULTIVERSE does not exist.

1 row selected.


SCRIPTFILE
----------------------------------------------------------------
../UTIL/NOTHING_TO_DO.sql "Table USIM_DIMENSION does not exist."

1 row selected.


INFO
---------------------------------------------------
Nothing to do. Table USIM_DIMENSION does not exist.

1 row selected.


SCRIPTFILE
---------------------------------------------------------------
../UTIL/NOTHING_TO_DO.sql "Table USIM_POSITION does not exist."

1 row selected.


INFO
--------------------------------------------------
Nothing to do. Table USIM_POSITION does not exist.

1 row selected.


SCRIPTFILE
-----------------------------------------------------------
../UTIL/NOTHING_TO_DO.sql "Table USIM_NODE does not exist."

1 row selected.


INFO
----------------------------------------------
Nothing to do. Table USIM_NODE does not exist.

1 row selected.


SCRIPTFILE
------------------------------------------------------------------
../UTIL/NOTHING_TO_DO.sql "Table USIM_REL_MLV_DIM does not exist."

1 row selected.


INFO
-----------------------------------------------------
Nothing to do. Table USIM_REL_MLV_DIM does not exist.

1 row selected.


SCRIPTFILE
----------------------------------------------------------------
../UTIL/NOTHING_TO_DO.sql "Table USIM_RMD_CHILD does not exist."

1 row selected.


INFO
---------------------------------------------------
Nothing to do. Table USIM_RMD_CHILD does not exist.

1 row selected.


SCRIPTFILE
------------------------------------------------------------
../UTIL/NOTHING_TO_DO.sql "Table USIM_SPACE does not exist."

1 row selected.


INFO
-----------------------------------------------
Nothing to do. Table USIM_SPACE does not exist.

1 row selected.


SCRIPTFILE
----------------------------------------------------------------
../UTIL/NOTHING_TO_DO.sql "Table USIM_SPC_CHILD does not exist."

1 row selected.


INFO
---------------------------------------------------
Nothing to do. Table USIM_SPC_CHILD does not exist.

1 row selected.


SCRIPTFILE
--------------------------------------------------------------
../UTIL/NOTHING_TO_DO.sql "Table USIM_SPC_POS does not exist."

1 row selected.


INFO
-------------------------------------------------
Nothing to do. Table USIM_SPC_POS does not exist.

1 row selected.


SCRIPTFILE
------------------------------------------------------------------
../UTIL/NOTHING_TO_DO.sql "Table USIM_SPC_PROCESS does not exist."

1 row selected.


INFO
-----------------------------------------------------
Nothing to do. Table USIM_SPC_PROCESS does not exist.

1 row selected.


Recyclebin purged.


USIM_SCHEMA
----------------------------------------------------------------------------------------------------------------------------------------------------------------------------------------------------------------------------------------------------------------
USIM

1 row selected.


OBJECTS_AFTER_CLEANUP
---------------------
                    0

1 row selected.


no rows selected


USIM_SCHEMA
----------------------------------------------------------------------------------------------------------------------------------------------------------------------------------------------------------------------------------------------------------------
USIM

1 row selected.


INFO
--------------------------------
Create or recreate USIM objects.

1 row selected.


SCRIPTFILE
-----------------------------------------------------------------------------
../SEQUENCES/USIM_ERL_TICK_SEQ.sql

1 row selected.


USIM_SCHEMA
----------------------------------------------------------------------------------------------------------------------------------------------------------------------------------------------------------------------------------------------------------------
USIM

1 row selected.


Sequence created.


SCRIPTFILE
-----------------------------------------------------------------------
../TABLES/USIM_ERROR_LOG_TBL.sql

1 row selected.


USIM_SCHEMA
----------------------------------------------------------------------------------------------------------------------------------------------------------------------------------------------------------------------------------------------------------------
USIM

1 row selected.


Table created.


Comment created.


Comment created.


Comment created.


Comment created.


Trigger created.


Trigger altered.


SCRIPTFILE
---------------------------------------------------------------------------
../SEQUENCES/USIM_DLG_ID_SEQ.sql

1 row selected.


USIM_SCHEMA
----------------------------------------------------------------------------------------------------------------------------------------------------------------------------------------------------------------------------------------------------------------
USIM

1 row selected.


Sequence created.


SCRIPTFILE
-----------------------------------------------------------------------
../TABLES/USIM_DEBUG_LOG_TBL.sql

1 row selected.


USIM_SCHEMA
----------------------------------------------------------------------------------------------------------------------------------------------------------------------------------------------------------------------------------------------------------------
USIM

1 row selected.


Table created.


Comment created.


Comment created.


Comment created.


Comment created.


Comment created.


Comment created.


Index created.


USIM_SCHEMA
----------------------------------------------------------------------------------------------------------------------------------------------------------------------------------------------------------------------------------------------------------------
USIM

1 row selected.


Package created.


USIM_SCHEMA
----------------------------------------------------------------------------------------------------------------------------------------------------------------------------------------------------------------------------------------------------------------
USIM

1 row selected.


Package body created.


USIM_SCHEMA
----------------------------------------------------------------------------------------------------------------------------------------------------------------------------------------------------------------------------------------------------------------
USIM

1 row selected.


Package created.


USIM_SCHEMA
----------------------------------------------------------------------------------------------------------------------------------------------------------------------------------------------------------------------------------------------------------------
USIM

1 row selected.


Package body created.


USIM_SCHEMA
----------------------------------------------------------------------------------------------------------------------------------------------------------------------------------------------------------------------------------------------------------------
USIM

1 row selected.


Package created.


USIM_SCHEMA
----------------------------------------------------------------------------------------------------------------------------------------------------------------------------------------------------------------------------------------------------------------
USIM

1 row selected.


Package body created.


USIM_SCHEMA
----------------------------------------------------------------------------------------------------------------------------------------------------------------------------------------------------------------------------------------------------------------
USIM

1 row selected.


Package created.


USIM_SCHEMA
----------------------------------------------------------------------------------------------------------------------------------------------------------------------------------------------------------------------------------------------------------------
USIM

1 row selected.


Package body created.


SCRIPTFILE
---------------------------------------------------------------------------
../SEQUENCES/USIM_MLV_ID_SEQ.sql

1 row selected.


USIM_SCHEMA
----------------------------------------------------------------------------------------------------------------------------------------------------------------------------------------------------------------------------------------------------------------
USIM

1 row selected.


Sequence created.


SCRIPTFILE
--------------------------------------------------------------------------------
../SEQUENCES/USIM_PLANCK_TIME_SEQ.sql

1 row selected.


USIM_SCHEMA
----------------------------------------------------------------------------------------------------------------------------------------------------------------------------------------------------------------------------------------------------------------
USIM

1 row selected.


Sequence created.


SCRIPTFILE
--------------------------------------------------------------------------------
../SEQUENCES/USIM_PLANCK_AEON_SEQ.sql

1 row selected.


USIM_SCHEMA
----------------------------------------------------------------------------------------------------------------------------------------------------------------------------------------------------------------------------------------------------------------
USIM

1 row selected.


Sequence created.


SCRIPTFILE
---------------------------------------------------------------------------
../SEQUENCES/USIM_DIM_ID_SEQ.sql

1 row selected.


USIM_SCHEMA
----------------------------------------------------------------------------------------------------------------------------------------------------------------------------------------------------------------------------------------------------------------
USIM

1 row selected.


Sequence created.


SCRIPTFILE
---------------------------------------------------------------------------
../SEQUENCES/USIM_POS_ID_SEQ.sql

1 row selected.


USIM_SCHEMA
----------------------------------------------------------------------------------------------------------------------------------------------------------------------------------------------------------------------------------------------------------------
USIM

1 row selected.


Sequence created.


SCRIPTFILE
---------------------------------------------------------------------------
../SEQUENCES/USIM_NOD_ID_SEQ.sql

1 row selected.


USIM_SCHEMA
----------------------------------------------------------------------------------------------------------------------------------------------------------------------------------------------------------------------------------------------------------------
USIM

1 row selected.


Sequence created.


SCRIPTFILE
---------------------------------------------------------------------------
../SEQUENCES/USIM_RMD_ID_SEQ.sql

1 row selected.


USIM_SCHEMA
----------------------------------------------------------------------------------------------------------------------------------------------------------------------------------------------------------------------------------------------------------------
USIM

1 row selected.


Sequence created.


SCRIPTFILE
---------------------------------------------------------------------------
../SEQUENCES/USIM_SPC_ID_SEQ.sql

1 row selected.


USIM_SCHEMA
----------------------------------------------------------------------------------------------------------------------------------------------------------------------------------------------------------------------------------------------------------------
USIM

1 row selected.


Sequence created.


SCRIPTFILE
---------------------------------------------------------------------------
../SEQUENCES/USIM_SPR_ID_SEQ.sql

1 row selected.


USIM_SCHEMA
----------------------------------------------------------------------------------------------------------------------------------------------------------------------------------------------------------------------------------------------------------------
USIM

1 row selected.


Sequence created.


SCRIPTFILE
----------------------------------------------------------------------
../TABLES/USIM_BASEDATA_TBL.sql

1 row selected.


USIM_SCHEMA
----------------------------------------------------------------------------------------------------------------------------------------------------------------------------------------------------------------------------------------------------------------
USIM

1 row selected.


Table created.


Comment created.


Comment created.


Comment created.


Comment created.


Comment created.


Comment created.


Comment created.


Comment created.


Comment created.


Comment created.


Comment created.


Comment created.


Comment created.


Table altered.


Table altered.


Table altered.


Table altered.


Table altered.


Trigger created.


Trigger altered.


Trigger created.


Trigger altered.


USIM_SCHEMA
----------------------------------------------------------------------------------------------------------------------------------------------------------------------------------------------------------------------------------------------------------------
USIM

1 row selected.


Package created.


USIM_SCHEMA
----------------------------------------------------------------------------------------------------------------------------------------------------------------------------------------------------------------------------------------------------------------
USIM

1 row selected.


Package body created.


SCRIPTFILE
------------------------------------------------------------------------
../TABLES/USIM_MULTIVERSE_TBL.sql

1 row selected.


USIM_SCHEMA
----------------------------------------------------------------------------------------------------------------------------------------------------------------------------------------------------------------------------------------------------------------
USIM

1 row selected.


Table created.


Comment created.


Comment created.


Comment created.


Comment created.


Comment created.


Comment created.


Comment created.


Comment created.


Comment created.


Comment created.


Comment created.


Comment created.


Table altered.


Table altered.


Table altered.


Table altered.


Trigger created.


Trigger altered.


Trigger created.


Trigger altered.


USIM_SCHEMA
----------------------------------------------------------------------------------------------------------------------------------------------------------------------------------------------------------------------------------------------------------------
USIM

1 row selected.


Package created.


USIM_SCHEMA
----------------------------------------------------------------------------------------------------------------------------------------------------------------------------------------------------------------------------------------------------------------
USIM

1 row selected.


Package body created.


SCRIPTFILE
----------------------------------------------------------------------
../TABLES/USIM_POSITION_TBL.sql

1 row selected.


USIM_SCHEMA
----------------------------------------------------------------------------------------------------------------------------------------------------------------------------------------------------------------------------------------------------------------
USIM

1 row selected.


Table created.


Comment created.


Comment created.


Comment created.


Table altered.


Table altered.


Trigger created.


Trigger altered.


Trigger created.


Trigger altered.


USIM_SCHEMA
----------------------------------------------------------------------------------------------------------------------------------------------------------------------------------------------------------------------------------------------------------------
USIM

1 row selected.


Package created.


USIM_SCHEMA
----------------------------------------------------------------------------------------------------------------------------------------------------------------------------------------------------------------------------------------------------------------
USIM

1 row selected.


Package body created.


SCRIPTFILE
-----------------------------------------------------------------------
../TABLES/USIM_DIMENSION_TBL.sql

1 row selected.


USIM_SCHEMA
----------------------------------------------------------------------------------------------------------------------------------------------------------------------------------------------------------------------------------------------------------------
USIM

1 row selected.


Table created.


Comment created.


Comment created.


Comment created.


Table altered.


Table altered.


Table altered.


Trigger created.


Trigger altered.


Trigger created.


Trigger altered.


USIM_SCHEMA
----------------------------------------------------------------------------------------------------------------------------------------------------------------------------------------------------------------------------------------------------------------
USIM

1 row selected.


Package created.


USIM_SCHEMA
----------------------------------------------------------------------------------------------------------------------------------------------------------------------------------------------------------------------------------------------------------------
USIM

1 row selected.


Package body created.


SCRIPTFILE
------------------------------------------------------------------
../TABLES/USIM_NODE_TBL.sql

1 row selected.


USIM_SCHEMA
----------------------------------------------------------------------------------------------------------------------------------------------------------------------------------------------------------------------------------------------------------------
USIM

1 row selected.


Table created.


Comment created.


Comment created.


Comment created.


Table altered.


Trigger created.


Trigger altered.


Trigger created.


Trigger altered.


USIM_SCHEMA
----------------------------------------------------------------------------------------------------------------------------------------------------------------------------------------------------------------------------------------------------------------
USIM

1 row selected.


Package created.


USIM_SCHEMA
----------------------------------------------------------------------------------------------------------------------------------------------------------------------------------------------------------------------------------------------------------------
USIM

1 row selected.


Package body created.


SCRIPTFILE
-------------------------------------------------------------------------
../TABLES/USIM_REL_MLV_DIM_TBL.sql

1 row selected.


USIM_SCHEMA
----------------------------------------------------------------------------------------------------------------------------------------------------------------------------------------------------------------------------------------------------------------
USIM

1 row selected.


Table created.


Comment created.


Comment created.


Comment created.


Comment created.


Comment created.


Comment created.


Table altered.


Table altered.


Table altered.


Trigger created.


Trigger altered.


Trigger created.


Trigger altered.


USIM_SCHEMA
----------------------------------------------------------------------------------------------------------------------------------------------------------------------------------------------------------------------------------------------------------------
USIM

1 row selected.


Table altered.


USIM_SCHEMA
----------------------------------------------------------------------------------------------------------------------------------------------------------------------------------------------------------------------------------------------------------------
USIM

1 row selected.


Table altered.


USIM_SCHEMA
----------------------------------------------------------------------------------------------------------------------------------------------------------------------------------------------------------------------------------------------------------------
USIM

1 row selected.


View created.


USIM_SCHEMA
----------------------------------------------------------------------------------------------------------------------------------------------------------------------------------------------------------------------------------------------------------------
USIM

1 row selected.


Package created.


USIM_SCHEMA
----------------------------------------------------------------------------------------------------------------------------------------------------------------------------------------------------------------------------------------------------------------
USIM

1 row selected.


Package body created.


SCRIPTFILE
-----------------------------------------------------------------------
../TABLES/USIM_RMD_CHILD_TBL.sql

1 row selected.


USIM_SCHEMA
----------------------------------------------------------------------------------------------------------------------------------------------------------------------------------------------------------------------------------------------------------------
USIM

1 row selected.


Table created.


Comment created.


Comment created.


Comment created.


Table altered.


Trigger created.


Trigger altered.


Trigger created.


Trigger altered.


USIM_SCHEMA
----------------------------------------------------------------------------------------------------------------------------------------------------------------------------------------------------------------------------------------------------------------
USIM

1 row selected.


Table altered.


USIM_SCHEMA
----------------------------------------------------------------------------------------------------------------------------------------------------------------------------------------------------------------------------------------------------------------
USIM

1 row selected.


Table altered.


SCRIPTFILE
-------------------------------------------------------------------
../TABLES/USIM_SPACE_TBL.sql

1 row selected.


USIM_SCHEMA
----------------------------------------------------------------------------------------------------------------------------------------------------------------------------------------------------------------------------------------------------------------
USIM

1 row selected.


Table created.


Comment created.


Comment created.


Comment created.


Comment created.


Comment created.


Comment created.


Table altered.


Table altered.


Table altered.


Table altered.


Trigger created.


Trigger altered.


Trigger created.


Trigger altered.


USIM_SCHEMA
----------------------------------------------------------------------------------------------------------------------------------------------------------------------------------------------------------------------------------------------------------------
USIM

1 row selected.


Table altered.


USIM_SCHEMA
----------------------------------------------------------------------------------------------------------------------------------------------------------------------------------------------------------------------------------------------------------------
USIM

1 row selected.


Table altered.


USIM_SCHEMA
----------------------------------------------------------------------------------------------------------------------------------------------------------------------------------------------------------------------------------------------------------------
USIM

1 row selected.


Table altered.


USIM_SCHEMA
----------------------------------------------------------------------------------------------------------------------------------------------------------------------------------------------------------------------------------------------------------------
USIM

1 row selected.


Warning: View created with compilation errors.


USIM_SCHEMA
----------------------------------------------------------------------------------------------------------------------------------------------------------------------------------------------------------------------------------------------------------------
USIM

1 row selected.


Package created.


USIM_SCHEMA
----------------------------------------------------------------------------------------------------------------------------------------------------------------------------------------------------------------------------------------------------------------
USIM

1 row selected.


Package body created.


SCRIPTFILE
-----------------------------------------------------------------------
../TABLES/USIM_SPC_CHILD_TBL.sql

1 row selected.


USIM_SCHEMA
----------------------------------------------------------------------------------------------------------------------------------------------------------------------------------------------------------------------------------------------------------------
USIM

1 row selected.


Table created.


Comment created.


Comment created.


Comment created.


Table altered.


Trigger created.


Trigger altered.


Trigger created.


Trigger altered.


USIM_SCHEMA
----------------------------------------------------------------------------------------------------------------------------------------------------------------------------------------------------------------------------------------------------------------
USIM

1 row selected.


Table altered.


USIM_SCHEMA
----------------------------------------------------------------------------------------------------------------------------------------------------------------------------------------------------------------------------------------------------------------
USIM

1 row selected.


Table altered.


USIM_SCHEMA
----------------------------------------------------------------------------------------------------------------------------------------------------------------------------------------------------------------------------------------------------------------
USIM

1 row selected.


View created.


USIM_SCHEMA
----------------------------------------------------------------------------------------------------------------------------------------------------------------------------------------------------------------------------------------------------------------
USIM

1 row selected.


View created.


USIM_SCHEMA
----------------------------------------------------------------------------------------------------------------------------------------------------------------------------------------------------------------------------------------------------------------
USIM

1 row selected.


Package created.


USIM_SCHEMA
----------------------------------------------------------------------------------------------------------------------------------------------------------------------------------------------------------------------------------------------------------------
USIM

1 row selected.


Package body created.


SCRIPTFILE
---------------------------------------------------------------------
../TABLES/USIM_SPC_POS_TBL.sql

1 row selected.


USIM_SCHEMA
----------------------------------------------------------------------------------------------------------------------------------------------------------------------------------------------------------------------------------------------------------------
USIM

1 row selected.


Table created.


Comment created.


Comment created.


Comment created.


Comment created.


Table altered.


Trigger created.


Trigger altered.


USIM_SCHEMA
----------------------------------------------------------------------------------------------------------------------------------------------------------------------------------------------------------------------------------------------------------------
USIM

1 row selected.


Table altered.


USIM_SCHEMA
----------------------------------------------------------------------------------------------------------------------------------------------------------------------------------------------------------------------------------------------------------------
USIM

1 row selected.


Table altered.


USIM_SCHEMA
----------------------------------------------------------------------------------------------------------------------------------------------------------------------------------------------------------------------------------------------------------------
USIM

1 row selected.


Table altered.


USIM_SCHEMA
----------------------------------------------------------------------------------------------------------------------------------------------------------------------------------------------------------------------------------------------------------------
USIM

1 row selected.


View created.


USIM_SCHEMA
----------------------------------------------------------------------------------------------------------------------------------------------------------------------------------------------------------------------------------------------------------------
USIM

1 row selected.


Package created.


USIM_SCHEMA
----------------------------------------------------------------------------------------------------------------------------------------------------------------------------------------------------------------------------------------------------------------
USIM

1 row selected.


Package body created.


USIM_SCHEMA
----------------------------------------------------------------------------------------------------------------------------------------------------------------------------------------------------------------------------------------------------------------
USIM

1 row selected.


View created.


USIM_SCHEMA
----------------------------------------------------------------------------------------------------------------------------------------------------------------------------------------------------------------------------------------------------------------
USIM

1 row selected.


View created.


USIM_SCHEMA
----------------------------------------------------------------------------------------------------------------------------------------------------------------------------------------------------------------------------------------------------------------
USIM

1 row selected.


View created.


SCRIPTFILE
-------------------------------------------------------------------------
../TABLES/USIM_SPC_PROCESS_TBL.sql

1 row selected.


USIM_SCHEMA
----------------------------------------------------------------------------------------------------------------------------------------------------------------------------------------------------------------------------------------------------------------
USIM

1 row selected.


Table created.


Comment created.


Comment created.


Comment created.


Comment created.


Comment created.


Comment created.


Comment created.


Comment created.


Comment created.


Comment created.


Comment created.


Table altered.


Index created.


Index created.


Table altered.


Trigger created.


Trigger altered.


Trigger created.


Trigger altered.


USIM_SCHEMA
----------------------------------------------------------------------------------------------------------------------------------------------------------------------------------------------------------------------------------------------------------------
USIM

1 row selected.


Table altered.


USIM_SCHEMA
----------------------------------------------------------------------------------------------------------------------------------------------------------------------------------------------------------------------------------------------------------------
USIM

1 row selected.


Table altered.


USIM_SCHEMA
----------------------------------------------------------------------------------------------------------------------------------------------------------------------------------------------------------------------------------------------------------------
USIM

1 row selected.


View created.


USIM_SCHEMA
----------------------------------------------------------------------------------------------------------------------------------------------------------------------------------------------------------------------------------------------------------------
USIM

1 row selected.


Package created.


USIM_SCHEMA
----------------------------------------------------------------------------------------------------------------------------------------------------------------------------------------------------------------------------------------------------------------
USIM

1 row selected.


Package body created.


USIM_SCHEMA
----------------------------------------------------------------------------------------------------------------------------------------------------------------------------------------------------------------------------------------------------------------
USIM

1 row selected.


View created.


Comment created.


Comment created.


Comment created.


Comment created.


Comment created.


Comment created.


Comment created.


Comment created.


USIM_SCHEMA
----------------------------------------------------------------------------------------------------------------------------------------------------------------------------------------------------------------------------------------------------------------
USIM

1 row selected.


Package created.


USIM_SCHEMA
----------------------------------------------------------------------------------------------------------------------------------------------------------------------------------------------------------------------------------------------------------------
USIM

1 row selected.


Package body created.


USIM_SCHEMA
----------------------------------------------------------------------------------------------------------------------------------------------------------------------------------------------------------------------------------------------------------------
USIM

1 row selected.


Package created.


USIM_SCHEMA
----------------------------------------------------------------------------------------------------------------------------------------------------------------------------------------------------------------------------------------------------------------
USIM

1 row selected.


Package body created.


USIM_SCHEMA
----------------------------------------------------------------------------------------------------------------------------------------------------------------------------------------------------------------------------------------------------------------
USIM

1 row selected.


Package created.


USIM_SCHEMA
----------------------------------------------------------------------------------------------------------------------------------------------------------------------------------------------------------------------------------------------------------------
USIM

1 row selected.


Package body created.


USIM_SCHEMA
----------------------------------------------------------------------------------------------------------------------------------------------------------------------------------------------------------------------------------------------------------------
USIM

1 row selected.


Package created.


USIM_SCHEMA
----------------------------------------------------------------------------------------------------------------------------------------------------------------------------------------------------------------------------------------------------------------
USIM

1 row selected.


Package body created.


USIM_SCHEMA
----------------------------------------------------------------------------------------------------------------------------------------------------------------------------------------------------------------------------------------------------------------
USIM

1 row selected.


INFO
--------------------------------------
SUCCESS All database objects are valid
