
EXEC_DATE           DB_NAME                        DB_SCHEMA                      OS_USER
------------------- ------------------------------ ------------------------------ ------------------------------------------------------------
16.09.2023 19:44:34 XEPDB1                         SYS                            Adi

INFO
-----------------------
CREATE USIM tablespaces

SCRIPTFILE
----------------------------------------------------------------
USIM_CREATE_TBL_SPC.sql

SCRIPTFILE
----------------------------------------------------------------
USIM_CREATE_TEST_TBL_SPC.sql

SCRIPTFILE
--------------------------------------------------------------
USIM_CREATE_DIRECTORIES.sql

INFO
-----------------
CREATE USIM users

SCRIPTFILE
-----------------------------------------------------
USIM_CREATE_USER.sql

SCRIPTFILE
----------------------------------------------------------
USIM_CREATE_TESTUSER.sql
