
EXEC_DATE           DB_NAME                        DB_SCHEMA                      OS_USER
------------------- ------------------------------ ------------------------------ ------------------------------------------------------------
25.06.2023 21:38:01 XEPDB1                         USIM_TEST                      Adi


INFO
----------------------------------
Remove all USIM objects if needed.


SCRIPTFILE
--------------------------------------------------------------------
../PACKAGES/DROP_USIM_STATIC_PKB.sql


Package body USIM_STATIC gelöscht.


SCRIPTFILE
----------------------------------------------------------------------
../PACKAGES/DROP_USIM_STATIC_PKS.sql


Package USIM_STATIC gelöscht.


SCRIPTFILE
-------------------------------------------------------------------
../PACKAGES/DROP_USIM_MATHS_PKB.sql


Package body USIM_MATHS gelöscht.


SCRIPTFILE
---------------------------------------------------------------------
../PACKAGES/DROP_USIM_MATHS_PKS.sql


Package USIM_MATHS gelöscht.


SCRIPTFILE
--------------------------------------------------------------------
../SEQUENCES/DROP_USIM_DLG_ID_SEQ.sql


Sequence USIM_DLG_ID_SEQ gelöscht.


SCRIPTFILE
--------------------------------------------------------------------
../SEQUENCES/DROP_USIM_MLV_ID_SEQ.sql


Sequence USIM_MLV_ID_SEQ gelöscht.


SCRIPTFILE
------------------------------------------------------------------------
../SEQUENCES/DROP_USIM_CHILD_BASE_SEQ.sql


Sequence USIM_CHILD_BASE_SEQ gelöscht.


SCRIPTFILE
--------------------------------------------------------------------------
../SEQUENCES/DROP_USIM_CHILD_MIRROR_SEQ.sql


Sequence USIM_CHILD_MIRROR_SEQ gelöscht.


SCRIPTFILE
-------------------------------------------------------------------------
../SEQUENCES/DROP_USIM_PLANCK_TIME_SEQ.sql


Sequence USIM_PLANCK_TIME_SEQ gelöscht.


SCRIPTFILE
----------------------------------------------------------------
../TABLES/DROP_USIM_DEBUG_LOG_TBL.sql


Table USIM_DEBUG_LOG gelöscht.


SCRIPTFILE
-------------------------------------------------------------------
../PACKAGES/DROP_USIM_DEBUG_PKB.sql


Package body USIM_DEBUG gelöscht.


SCRIPTFILE
---------------------------------------------------------------------
../PACKAGES/DROP_USIM_DEBUG_PKS.sql


Package USIM_DEBUG gelöscht.


SCRIPTFILE
---------------------------------------------------------------
../TABLES/DROP_USIM_BASEDATA_TBL.sql


Table USIM_BASEDATA gelöscht.


SCRIPTFILE
-----------------------------------------------------------------
../TABLES/DROP_USIM_MULTIVERSE_TBL.sql


Table USIM_MULTIVERSE gelöscht.

